2015-08-11 07:08:54    美国，加利福尼亚州，掠过沙斯塔山的星轨 (© Brad Goldpaint/Aurora Photos)
2015-08-11 07:08:49    美国，加利福尼亚州，掠过沙斯塔山的星轨 (© Brad Goldpaint/Aurora Photos)
2015-08-11 07:08:23    美国，加利福尼亚州，掠过沙斯塔山的星轨 (© Brad Goldpaint/Aurora Photos)
2015-08-11 08:08:38    美国，加利福尼亚州，掠过沙斯塔山的星轨 (© Brad Goldpaint/Aurora Photos)
2015-08-11 08:08:08    美国，加利福尼亚州，掠过沙斯塔山的星轨 (© Brad Goldpaint/Aurora Photos)
2015-08-11 08:08:36    美国，加利福尼亚州，掠过沙斯塔山的星轨 (© Brad Goldpaint/Aurora Photos)
2015-08-12 09:08:45    非洲大象 (© James Hager/Offset)
2015-08-12 01:08:42    非洲大象 (© James Hager/Offset)
2015-08-13 09:08:42    印度，阿勒皮，尼赫鲁杯划船竞赛  (© Ashit Desai/Corbis)
2015-08-14 10:08:45    百慕大，沃里克长湾 (© SIME/eStock Photo)
2015-08-17 09:08:05    缅甸，阿玛拉普拉古城，乌本桥 (© Moment Select/Getty Images)
2015-08-18 10:08:02    印度，查谟和克什米尔邦，在拉达克桑噶尔地区的穆尔贝克修道院 (© Lethang Photography/Getty Images)
2015-08-19 01:08:17    阿拉斯加，兰格尔-圣埃利亚斯国家公园和自然保护区的一座冰山 (© Frans Lanting/Gallery Stock)
2015-08-20 05:08:47    中国，桂林，小鸟依偎在一起 (© View Stock/Getty Images)
2015-08-21 11:08:10    美国，佛罗里达州，大沼泽地国家公园的长礁岛 (© Tandem Stills + Motion)
2015-08-24 02:08:08    香港，电闪雷鸣中的九龙半岛 (© Daniel Chui/Moment/Getty Images)
2015-08-25 10:08:12    黄石国家公园的游客 (© Jason Savage/Tandem Stills + Motion)
2015-08-26 09:08:44    南非，东开普省，狂野海岸，海角塘鹅潜入圣约翰斯港口捕鱼 (© FLPA/FLPA/SuperStock)
2015-08-27 12:08:56    印度尼西亚，下雨天的壁虎与昆虫 (© Shikhei Goh/Getty Images)
2015-08-28 09:08:52    荷兰，航拍靠近吉斯普的圩田景观 (© Frans Lemmens/Alamy)
2015-08-31 09:08:53    西班牙，塞维利亚，拉恩卡纳西翁广场的都市阳伞 (© Felipe Rodriquez/age fotostock)
2015-08-31 05:08:41    西班牙，塞维利亚，拉恩卡纳西翁广场的都市阳伞 (© Felipe Rodriquez/age fotostock)
2015-09-02 09:09:39    冰岛，东雷克雅未克，赫维塔河热地附近的史托克间歇泉 (© Zinaida Sopina/Shutterstock)
2015-09-02 04:09:08    冰岛，东雷克雅未克，赫维塔河热地附近的史托克间歇泉 (© Zinaida Sopina/Shutterstock)
2015-09-06 09:09:45    美国，加利福尼亚州，圣克鲁斯县，自然桥州立海滩 (© Fotofeeling/Westend61/plainpicture)
2015-09-07 10:09:20    纽约布鲁克林高地，在赤褐色砂石建筑上拍下的曼哈顿 (© Andrew C. Mace/Getty Images)
2015-09-07 05:09:39    
2015-09-08 10:09:12    哥斯达黎加，圣丽塔，切叶蚁（美洲切叶蚁属Atta） (© Bence Mate/Visuals Unlimited/Corbis)
2015-09-09 09:09:08    大不列颠，苏格兰，煤山雀栖息在地衣覆盖的树枝上 (© NHPA/SuperStock)
2015-09-10 09:09:34    [教师节：孤独求索，勇敢前行] 越南，丰芽格邦国家公园，韩松洞  (© Carsten Peter/Getty Images)
2015-09-10 10:09:11    
2015-09-11 09:09:31    法国，朗格多克-鲁西永，塞文山脉国家公园，塔尔恩峡谷 (© Jan Wlodarczyk/Alamy)
2015-09-11 01:09:56    法国，朗格多克-鲁西永，塞文山脉国家公园，塔尔恩峡谷 (© Jan Wlodarczyk/Alamy)
2015-09-11 01:09:57    法国，朗格多克-鲁西永，塞文山脉国家公园，塔尔恩峡谷 (© Jan Wlodarczyk/Alamy)
2015-09-11 01:09:58    法国，朗格多克-鲁西永，塞文山脉国家公园，塔尔恩峡谷 (© Jan Wlodarczyk/Alamy)
2015-09-11 01:09:59    法国，朗格多克-鲁西永，塞文山脉国家公园，塔尔恩峡谷 (© Jan Wlodarczyk/Alamy)
2015-09-11 01:09:06    法国，朗格多克-鲁西永，塞文山脉国家公园，塔尔恩峡谷 (© Jan Wlodarczyk/Alamy)
2015-09-11 01:09:18    法国，朗格多克-鲁西永，塞文山脉国家公园，塔尔恩峡谷 (© Jan Wlodarczyk/Alamy)
2015-09-11 07:09:21    法国，朗格多克-鲁西永，塞文山脉国家公园，塔尔恩峡谷 (© Jan Wlodarczyk/Alamy)
2015-09-14 09:09:14    枝头上的黑枕王鹟 (© kajornyot/Shutterstock)
2015-09-15 10:09:53    中国，坝上草原上的桦树 (© Aaron Ng Photography/Getty Images)
2015-09-16 08:09:10    美国，犹他州，圆顶礁国家公园上空的银河 (© Dave Lane/NASA)
2015-09-17 09:09:22    西班牙，塞哥维亚 (© Shutterstock)
2015-09-17 11:09:11    西班牙，塞哥维亚 (© Shutterstock)
2015-09-17 12:09:13    
2015-09-17 12:09:48    西班牙，塞哥维亚 (© Shutterstock)
2015-09-17 12:09:27    西班牙，塞哥维亚 (© Shutterstock)
2015-09-17 12:09:41    西班牙，塞哥维亚 (© Shutterstock)
2015-09-17 12:09:12    西班牙，塞哥维亚 (© Shutterstock)
2015-09-17 12:09:27    西班牙，塞哥维亚 (© Shutterstock)
2015-09-17 12:09:15    西班牙，塞哥维亚 (© Shutterstock)
2015-09-17 12:09:14    西班牙，塞哥维亚 (© Shutterstock)
2015-09-17 12:09:25    西班牙，塞哥维亚 (© Shutterstock)
2015-09-17 12:09:44    西班牙，塞哥维亚 (© Shutterstock)
2015-09-17 12:09:19    西班牙，塞哥维亚 (© Shutterstock)
2015-09-18 09:09:25    俄罗斯，雅库特，紫龙晶截面 (© Bernardo Cesare/Corbis)
2015-09-21 09:09:22    墨西哥，格雷罗州，伊斯塔帕，紫水母 (© Christian Vizl/Tandem Stills + Motion)
2015-09-21 12:09:27    墨西哥，格雷罗州，伊斯塔帕，紫水母 (© Christian Vizl/Tandem Stills + Motion)
2015-09-22 09:09:51    新西兰，北岛，玛塔玛塔附近，霍比屯 (© imageBROKER/Rex Features)
2015-09-23 10:09:52    [今日秋分] 新疆，阿勒泰，阳光划过晨雾 (© Allensima/Getty Images)
2015-09-23 12:09:19    [今日秋分] 新疆，阿勒泰，阳光划过晨雾 (© Allensima/Getty Images)
2015-09-24 09:09:16    
2015-09-24 05:09:01    印度，拉贾斯坦邦，焦特布尔 (© Lucas Vallecillos/age fotostock)
2015-09-25 10:09:55    
2015-09-25 10:09:58    日本小鼯鼠 (© Shiroh Yabe/SEBUN PHOTO/amanaimages/Corbis)
2015-09-28 09:09:49    
2015-09-28 09:09:31    通往夏威夷大岛，冒纳凯阿火山的公路 (© Gary S. Chapman/Shutterstock)
2015-09-28 07:09:05    通往夏威夷大岛，冒纳凯阿火山的公路 (© Gary S. Chapman/Shutterstock)
2015-09-29 09:09:09    NASA好奇号火星探测器 (© NASA/JPL-Caltech/MSSS)
2015-09-29 09:09:46    NASA好奇号火星探测器 (© NASA/JPL-Caltech/MSSS)
2015-09-29 09:09:47    NASA好奇号火星探测器 (© NASA/JPL-Caltech/MSSS)
2015-09-29 09:09:48    NASA好奇号火星探测器 (© NASA/JPL-Caltech/MSSS)
2015-09-29 12:09:46    NASA好奇号火星探测器 (© NASA/JPL-Caltech/MSSS)
2015-09-30 10:09:40    美国，亚利桑那州和内华达州边界上的胡佛水坝 (© George Steinmetz/Corbis)
2015-10-08 09:10:57    [今日寒露] 中国，江西，婺源，晨雾与阳光 (© Ping Yan/REX Shutterstock)
2015-10-08 09:10:58    [今日寒露] 中国，江西，婺源，晨雾与阳光 (© Ping Yan/REX Shutterstock)
2015-10-08 05:10:49    [今日寒露] 中国，江西，婺源，晨雾与阳光 (© Ping Yan/REX Shutterstock)
2015-10-09 09:10:50    悬挂在卵叶青藓上的露水 (© Duncan Usher/Minden Pictures)
2015-10-10 10:10:55    科隆群岛，圣地亚哥岛的火山口 (© Frans Lanting/Corbis)
2015-10-12 09:10:07    美国，犹他州，罗雅尔峡谷上的岩画 (© Gary Whitton/Alamy)
2015-10-14 11:10:11    菲律宾，薄荷岛，眼镜猴正在休息 (© Deddeda/Getty Images)
2015-10-14 11:10:01    菲律宾，薄荷岛，眼镜猴正在休息 (© Deddeda/Getty Images)
2015-10-14 11:10:48    菲律宾，薄荷岛，眼镜猴正在休息 (© Deddeda/Getty Images)
2015-10-14 11:10:50    菲律宾，薄荷岛，眼镜猴正在休息 (© Deddeda/Getty Images)
2015-10-14 11:10:50    菲律宾，薄荷岛，眼镜猴正在休息 (© Deddeda/Getty Images)
2015-10-14 11:10:04    菲律宾，薄荷岛，眼镜猴正在休息 (© Deddeda/Getty Images)
2015-10-14 11:10:04    菲律宾，薄荷岛，眼镜猴正在休息 (© Deddeda/Getty Images)
2015-10-14 11:10:05    菲律宾，薄荷岛，眼镜猴正在休息 (© Deddeda/Getty Images)
2015-10-14 11:10:06    菲律宾，薄荷岛，眼镜猴正在休息 (© Deddeda/Getty Images)
2015-10-14 03:10:56    菲律宾，薄荷岛，眼镜猴正在休息 (© Deddeda/Getty Images)
2015-10-14 03:10:33    菲律宾，薄荷岛，眼镜猴正在休息 (© Deddeda/Getty Images)
2015-10-15 10:10:16    瑞典，萨瑞克国家公园内的拉帕河三角洲 (© George Steinmetz/Corbis)
2015-10-15 04:10:23    瑞典，萨瑞克国家公园内的拉帕河三角洲 (© George Steinmetz/Corbis)
2015-10-16 10:10:04    纳米比亚，埃托沙国家公园内打架中的两只好望角大羚羊 (© Johan Swanepoel/Shutterstock)
2015-10-16 11:10:30    纳米比亚，埃托沙国家公园内打架中的两只好望角大羚羊 (© Johan Swanepoel/Shutterstock)
2015-10-19 01:10:34    光学涂鸦 (© DI Mandl Alexander/Solent News/REX)
